#
# There is insufficient memory for the Java Runtime Environment to continue.
# Native memory allocation (mmap) failed to map 92274688 bytes for Failed to commit area from 0x00000000a8400000 to 0x00000000adc00000 of length 92274688.
# Possible reasons:
#   The system is out of physical RAM or swap space
#   The process is running with CompressedOops enabled, and the Java Heap may be blocking the growth of the native heap
# Possible solutions:
#   Reduce memory load on the system
#   Increase physical memory or swap space
#   Check if swap backing store is full
#   Decrease Java heap size (-Xmx/-Xms)
#   Decrease number of Java threads
#   Decrease Java thread stack sizes (-Xss)
#   Set larger code cache with -XX:ReservedCodeCacheSize=
# This output file may be truncated or incomplete.
#
#  Out of Memory Error (./src/hotspot/os/windows/os_windows.cpp:3390), pid=1564, tid=7488
#
# JRE version:  (11.0.15+9) (build )
# Java VM: OpenJDK 64-Bit Server VM (11.0.15+9-LTS, mixed mode, sharing, tiered, compressed oops, g1 gc, windows-amd64)
# No core dump will be written. Minidumps are not enabled by default on client versions of Windows
#

---------------  S U M M A R Y ------------

Command Line: -javaagent:C:\\Users\\Юыќур\\.m2\\repository\\org\\jacoco\\org.jacoco.agent\\0.8.5\\org.jacoco.agent-0.8.5-runtime.jar=destfile=C:\\Users\\Olga\\IdeaProjects\\Maven8\\target\\jacoco.exec C:\Users\134E~1\AppData\Local\Temp\surefire7383604604637998810\surefirebooter14050931255559454306.jar C:\Users\Юыќур\AppData\Local\Temp\surefire7383604604637998810 2022-07-26T09-29-31_810-jvmRun1 surefire3701873681841983846tmp surefire_013813288647442574478tmp

Host: AMD A6-3410MX APU with Radeon(tm) HD Graphics, 4 cores, 5G,  Windows 10 , 64 bit Build 19041 (10.0.19041.1806)
Time: Tue Jul 26 09:29:32 2022  Windows 10 , 64 bit Build 19041 (10.0.19041.1806) elapsed time: 0.038636 seconds (0d 0h 0m 0s)

---------------  T H R E A D  ---------------

Current thread (0x000002b8dec2f000):  JavaThread "Unknown thread" [_thread_in_vm, id=7488, stack(0x000000f9e1700000,0x000000f9e1800000)]

Stack: [0x000000f9e1700000,0x000000f9e1800000]
Native frames: (J=compiled Java code, j=interpreted, Vv=VM code, C=native code)
V  [jvm.dll+0x61e7ba]
V  [jvm.dll+0x7ab749]
V  [jvm.dll+0x7ace38]
V  [jvm.dll+0x7ad513]
V  [jvm.dll+0x24f968]
V  [jvm.dll+0x61ba5a]
V  [jvm.dll+0x6102b5]
V  [jvm.dll+0x30768c]
V  [jvm.dll+0x307512]
V  [jvm.dll+0x30c226]
V  [jvm.dll+0x3528cf]
V  [jvm.dll+0x352300]
V  [jvm.dll+0x2e4688]
V  [jvm.dll+0x2e57e6]
V  [jvm.dll+0x785597]
V  [jvm.dll+0x786d1f]
V  [jvm.dll+0x35f609]
V  [jvm.dll+0x768530]
V  [jvm.dll+0x3cd0ff]
V  [jvm.dll+0x3cf491]
C  [jli.dll+0x5207]
C  [ucrtbase.dll+0x21bb2]
C  [KERNEL32.DLL+0x17034]
C  [ntdll.dll+0x52651]


---------------  P R O C E S S  ---------------

Threads class SMR info:
_java_thread_list=0x000002b8dcb316b0, length=0, elements={
}

Java Threads: ( => current thread )

Other Threads:
  0x000002b8dec47000 GCTaskThread "GC Thread#0" [stack: 0x000000f9e1800000,0x000000f9e1900000] [id=1608]
  0x000002b8dec75800 ConcurrentGCThread "G1 Main Marker" [stack: 0x000000f9e1900000,0x000000f9e1a00000] [id=12520]
  0x000002b8dec77000 ConcurrentGCThread "G1 Conc#0" [stack: 0x000000f9e1a00000,0x000000f9e1b00000] [id=10804]

[error occurred during error reporting (printing all threads), id 0xc0000005, EXCEPTION_ACCESS_VIOLATION (0xc0000005) at pc=0x00007ffec3d23e57]

VM state:not at safepoint (not fully initialized)

VM Mutex/Monitor currently owned by a thread:  ([mutex/lock_event])
[0x000002b8dec2ba00] Heap_lock - owner thread: 0x000002b8dec2f000

Heap address: 0x00000000a8400000, size: 1404 MB, Compressed Oops mode: Non-zero based: 0x00000000a8400000
Narrow klass base: 0x0000000000000000, Narrow klass shift: 0

GC Heap History (0 events):
No events

Deoptimization events (0 events):
No events

Classes redefined (0 events):
No events

Internal exceptions (0 events):
No events

Events (1 events):
Event: 0.017 Loaded shared library C:\Users\Юыќур\.jdks\corretto-11.0.15\bin\zip.dll


Dynamic libraries:
0x00007ff7210d0000 - 0x00007ff7210dd000 	C:\Users\Юыќур\.jdks\corretto-11.0.15\bin\java.exe
0x00007fff1ecd0000 - 0x00007fff1eec8000 	C:\WINDOWS\SYSTEM32\ntdll.dll
0x00007fff1dae0000 - 0x00007fff1db9d000 	C:\WINDOWS\System32\KERNEL32.DLL
0x00007fff1c430000 - 0x00007fff1c6fe000 	C:\WINDOWS\System32\KERNELBASE.dll
0x00007fff1cbb0000 - 0x00007fff1ccb0000 	C:\WINDOWS\System32\ucrtbase.dll
0x00007ffed6a40000 - 0x00007ffed6a57000 	C:\Users\Юыќур\.jdks\corretto-11.0.15\bin\jli.dll
0x00007ffed6a20000 - 0x00007ffed6a39000 	C:\Users\Юыќур\.jdks\corretto-11.0.15\bin\VCRUNTIME140.dll
0x00007fff1dba0000 - 0x00007fff1dd40000 	C:\WINDOWS\System32\USER32.dll
0x00007fff1c970000 - 0x00007fff1c992000 	C:\WINDOWS\System32\win32u.dll
0x00007fff0c910000 - 0x00007fff0cbaa000 	C:\WINDOWS\WinSxS\amd64_microsoft.windows.common-controls_6595b64144ccf1df_6.0.19041.1110_none_60b5254171f9507e\COMCTL32.dll
0x00007fff1d9b0000 - 0x00007fff1d9da000 	C:\WINDOWS\System32\GDI32.dll
0x00007fff1d9e0000 - 0x00007fff1da7e000 	C:\WINDOWS\System32\msvcrt.dll
0x00007fff1c860000 - 0x00007fff1c96b000 	C:\WINDOWS\System32\gdi32full.dll
0x00007fff1c9a0000 - 0x00007fff1ca3d000 	C:\WINDOWS\System32\msvcp_win.dll
0x00007fff1cec0000 - 0x00007fff1cef0000 	C:\WINDOWS\System32\IMM32.DLL
0x00007ffed6980000 - 0x00007ffed6a1b000 	C:\Users\Юыќур\.jdks\corretto-11.0.15\bin\msvcp140.dll
0x00007ffec3a30000 - 0x00007ffec45b3000 	C:\Users\Юыќур\.jdks\corretto-11.0.15\bin\server\jvm.dll
0x00007fff1d900000 - 0x00007fff1d9ae000 	C:\WINDOWS\System32\ADVAPI32.dll
0x00007fff1d4f0000 - 0x00007fff1d58c000 	C:\WINDOWS\System32\sechost.dll
0x00007fff1d020000 - 0x00007fff1d145000 	C:\WINDOWS\System32\RPCRT4.dll
0x00007fff1cd10000 - 0x00007fff1cd18000 	C:\WINDOWS\System32\PSAPI.DLL
0x00007fff165e0000 - 0x00007fff165e9000 	C:\WINDOWS\SYSTEM32\WSOCK32.dll
0x00007fff12920000 - 0x00007fff12947000 	C:\WINDOWS\SYSTEM32\WINMM.dll
0x00007fff12950000 - 0x00007fff1295a000 	C:\WINDOWS\SYSTEM32\VERSION.dll
0x00007fff1d350000 - 0x00007fff1d3bb000 	C:\WINDOWS\System32\WS2_32.dll
0x00007fff1a2c0000 - 0x00007fff1a2d2000 	C:\WINDOWS\SYSTEM32\kernel.appcore.dll
0x00007fff02ee0000 - 0x00007fff02ef0000 	C:\Users\Юыќур\.jdks\corretto-11.0.15\bin\verify.dll
0x00007fff0aaf0000 - 0x00007fff0acd4000 	C:\WINDOWS\SYSTEM32\DBGHELP.DLL
0x00007fff0aa20000 - 0x00007fff0aa4c000 	C:\WINDOWS\SYSTEM32\dbgcore.DLL
0x00007fff1ca70000 - 0x00007fff1caf2000 	C:\WINDOWS\System32\bcryptPrimitives.dll
0x00007ffed5680000 - 0x00007ffed56a8000 	C:\Users\Юыќур\.jdks\corretto-11.0.15\bin\java.dll
0x00007fff02180000 - 0x00007fff0218a000 	C:\Users\Юыќур\.jdks\corretto-11.0.15\bin\jimage.dll
0x00007fff16a70000 - 0x00007fff16a7e000 	C:\Users\Юыќур\.jdks\corretto-11.0.15\bin\instrument.dll
0x00007ffed5660000 - 0x00007ffed5678000 	C:\Users\Юыќур\.jdks\corretto-11.0.15\bin\zip.dll

dbghelp: loaded successfully - version: 4.0.5 - missing functions: none
symbol engine: initialized successfully - sym options: 0x614 - pdb path: .;C:\Users\Юыќур\.jdks\corretto-11.0.15\bin;C:\WINDOWS\SYSTEM32;C:\WINDOWS\WinSxS\amd64_microsoft.windows.common-controls_6595b64144ccf1df_6.0.19041.1110_none_60b5254171f9507e;C:\Users\Юыќур\.jdks\corretto-11.0.15\bin\server

VM Arguments:
jvm_args: -javaagent:C:\\Users\\Юыќур\\.m2\\repository\\org\\jacoco\\org.jacoco.agent\\0.8.5\\org.jacoco.agent-0.8.5-runtime.jar=destfile=C:\\Users\\Olga\\IdeaProjects\\Maven8\\target\\jacoco.exec 
java_command: C:\Users\134E~1\AppData\Local\Temp\surefire7383604604637998810\surefirebooter14050931255559454306.jar C:\Users\Юыќур\AppData\Local\Temp\surefire7383604604637998810 2022-07-26T09-29-31_810-jvmRun1 surefire3701873681841983846tmp surefire_013813288647442574478tmp
java_class_path (initial): C:\Users\134E~1\AppData\Local\Temp\surefire7383604604637998810\surefirebooter14050931255559454306.jar
Launcher Type: SUN_STANDARD

[Global flags]
     intx CICompilerCount                          = 3                                         {product} {ergonomic}
     uint ConcGCThreads                            = 1                                         {product} {ergonomic}
     uint G1ConcRefinementThreads                  = 4                                         {product} {ergonomic}
   size_t G1HeapRegionSize                         = 1048576                                   {product} {ergonomic}
    uintx GCDrainStackTargetSize                   = 64                                        {product} {ergonomic}
   size_t InitialHeapSize                          = 92274688                                  {product} {ergonomic}
   size_t MarkStackSize                            = 4194304                                   {product} {ergonomic}
   size_t MaxHeapSize                              = 1472200704                                {product} {ergonomic}
   size_t MinHeapDeltaBytes                        = 1048576                                   {product} {ergonomic}
    uintx NonNMethodCodeHeapSize                   = 5830732                                {pd product} {ergonomic}
    uintx NonProfiledCodeHeapSize                  = 122913754                              {pd product} {ergonomic}
    uintx ProfiledCodeHeapSize                     = 122913754                              {pd product} {ergonomic}
    uintx ReservedCodeCacheSize                    = 251658240                              {pd product} {ergonomic}
     bool SegmentedCodeCache                       = true                                      {product} {ergonomic}
     bool UseCompressedClassPointers               = true                                 {lp64_product} {ergonomic}
     bool UseCompressedOops                        = true                                 {lp64_product} {ergonomic}
     bool UseG1GC                                  = true                                      {product} {ergonomic}
     bool UseLargePagesIndividualAllocation        = false                                  {pd product} {ergonomic}

Logging:
Log output configuration:
 #0: stdout all=warning uptime,level,tags
 #1: stderr all=off uptime,level,tags

Environment Variables:
PATH=C:\Program Files\Eclipse Adoptium\jdk-11.0.14.101-hotspot\bin;C:\WINDOWS\system32;C:\WINDOWS;C:\WINDOWS\System32\Wbem;C:\WINDOWS\System32\WindowsPowerShell\v1.0\;C:\WINDOWS\System32\OpenSSH\;C:\Program Files (x86)\ATI Technologies\ATI.ACE\Core-Static;C:\Program Files\Git\cmd;C:\Users\Юыќур\AppData\Local\Microsoft\WindowsApps;;C:\Users\Юыќур\AppData\Local\Programs\Microsoft VS Code\bin;C:\Program Files\JetBrains\IntelliJ IDEA Community Edition 2022.1.2\bin;
USERNAME=Юыќур
OS=Windows_NT
PROCESSOR_IDENTIFIER=AMD64 Family 18 Model 1 Stepping 0, AuthenticAMD



---------------  S Y S T E M  ---------------

OS: Windows 10 , 64 bit Build 19041 (10.0.19041.1806)
OS uptime: 0 days 0:18 hours

CPU:total 4 (initial active 4) (4 cores per cpu, 1 threads per core) family 18 model 1 stepping 0 microcode 0x0, cmov, cx8, fxsr, mmx, sse, sse2, sse3, popcnt, mmxext, 3dnowpref, lzcnt, sse4a, tsc, tscinvbit, tscinv

Memory: 4k page, system-wide physical 5611M (279M free)
TotalPageFile size 5611M (AvailPageFile size 64M)
current process WorkingSet (physical memory assigned to process): 10M, peak: 10M
current process commit charge ("private bytes"): 51M, peak: 139M

vm_info: OpenJDK 64-Bit Server VM (11.0.15+9-LTS) for windows-amd64 JRE (11.0.15+9-LTS), built on Apr 15 2022 22:20:31 by "Administrator" with unknown MS VC++:1916

END.
